{"message":"Connected to MongoDB","level":"info"}
{"message":"Connected to MongoDB","level":"info"}
{"message":"Connected to MongoDB","level":"info"}
{"message":"Connected to MongoDB","level":"info"}
{"message":"Connected to MongoDB","level":"info"}
{"message":"Connected to MongoDB","level":"info"}
{"message":"Connected to MongoDB","level":"info"}
{"message":"Connected to MongoDB","level":"info"}
{"message":"Connected to MongoDB","level":"info"}
{"message":"Connected to MongoDB","level":"info"}
{"message":"Connected to MongoDB","level":"info"}
{"message":"Connected to MongoDB","level":"info"}
{"message":"Connected to MongoDB","level":"info"}
{"message":"Connected to MongoDB","level":"info"}
{"message":"Connected to MongoDB","level":"info"}
{"message":"Connected to MongoDB","level":"info"}
{"message":"Connected to MongoDB","level":"info"}
{"message":"Connected to MongoDB","level":"info"}
{"message":"Connected to MongoDB","level":"info"}
{"message":"Connected to MongoDB","level":"info"}
{"message":"Connected to MongoDB","level":"info"}
{"message":"Connected to MongoDB","level":"info"}
{"meta":{},"level":"error","message":"Could not get the genres."}
{"meta":{},"level":"error","message":"Could not get the genres."}
{"message":"Connected to MongoDB","level":"info"}
{"meta":{},"level":"error","message":"Could not get the genres."}
{"meta":{},"level":"error","message":"Could not get the genres."}
{"meta":{},"level":"error","message":"Could not get the genres."}
{"meta":{},"level":"error","message":"Could not get the genres."}
{"message":"Connected to MongoDB","level":"info"}
{"message":"Connected to MongoDB","level":"info"}
{"message":"Connected to MongoDB","level":"info"}
{"message":"Connected to MongoDB","level":"info"}
{"message":"Connected to MongoDB","level":"info"}
{"message":"Listening on port 3000","level":"info"}
{"message":"Connected to MongoDB","level":"info"}
{"message":"Listening on port 3000","level":"info"}
{"message":"Connected to MongoDB","level":"info"}
{"message":"Listening on port 3000","level":"info"}
{"message":"Connected to MongoDB","level":"info"}
{"message":"Listening on port 3000","level":"info"}
{"message":"Connected to MongoDB","level":"info"}
{"message":"Listening on port 3000","level":"info"}
{"message":"Connected to MongoDB","level":"info"}
{"message":"Listening on port 3000","level":"info"}
{"message":"Connected to MongoDB","level":"info"}
{"message":"Listening on port 3000","level":"info"}
{"message":"Connected to mongodb://localhost/Vidly...","level":"info"}
{"message":"Listening on port 3000","level":"info"}
{"meta":{"message":"Cast to ObjectId failed for value \"2\" at path \"_id\" for model \"Genre\"","name":"CastError","stringValue":"\"2\"","kind":"ObjectId","value":"2","path":"_id"},"level":"error","message":"Cast to ObjectId failed for value \"2\" at path \"_id\" for model \"Genre\""}
{"meta":{"message":"Cast to ObjectId failed for value \"2\" at path \"_id\" for model \"Genre\"","name":"CastError","stringValue":"\"2\"","kind":"ObjectId","value":"2","path":"_id"},"level":"error","message":"Cast to ObjectId failed for value \"2\" at path \"_id\" for model \"Genre\""}
{"meta":{"message":"Cast to ObjectId failed for value \"2\" at path \"_id\" for model \"Genre\"","name":"CastError","stringValue":"\"2\"","kind":"ObjectId","value":"2","path":"_id"},"level":"error","message":"Cast to ObjectId failed for value \"2\" at path \"_id\" for model \"Genre\""}
{"meta":{"message":"Cast to ObjectId failed for value \"2\" at path \"_id\" for model \"Genre\"","name":"CastError","stringValue":"\"2\"","kind":"ObjectId","value":"2","path":"_id"},"level":"error","message":"Cast to ObjectId failed for value \"2\" at path \"_id\" for model \"Genre\""}
